<?xml version="1.0" encoding="UTF-8"?>
<testsuite xmlns:xsi="http://www.w3.org/2001/XMLSchema-instance" xsi:noNamespaceSchemaLocation="https://maven.apache.org/surefire/maven-surefire-plugin/xsd/surefire-test-report-3.0.xsd" version="3.0" name="com.sistemabancario.model.MovimentacaoTest" time="0.068" tests="4" errors="0" skipped="0" failures="0">
  <properties>
[...]
</properties>
  <testcase name="testR00SetDescricaoNula" classname="com.sistemabancario.model.MovimentacaoTest" time="0.019"/>
  <testcase name="testGetId" classname="com.sistemabancario.model.MovimentacaoTest" time="0.002"/>
  <testcase name="testR00SetDescricaoVazia" classname="com.sistemabancario.model.MovimentacaoTest" time="0.006"/>
  <testcase name="testR00SetDescricaoBranco" classname="com.sistemabancario.model.MovimentacaoTest" time="0.001"/>
</testsuite>